22/05/2023 03:08:58	This log contains information about the import schema operation into project 'ATMLibrary' on computer '2648-ATM-5469N' by user 'zugravu.paul'.
22/05/2023 03:08:58	Import of database schema has started.
22/05/2023 03:09:04	Gathering database credentials
22/05/2023 03:09:04	Gathering database options
22/05/2023 03:09:04	Gathering generic database scoped configuration option
22/05/2023 03:09:04	Gathering users
22/05/2023 03:09:04	Gathering roles
22/05/2023 03:09:04	Gathering application roles
22/05/2023 03:09:04	Gathering role memberships
22/05/2023 03:09:04	Gathering filegroups
22/05/2023 03:09:04	Gathering full-text catalogs
22/05/2023 03:09:04	Gathering assemblies
22/05/2023 03:09:04	Gathering certificates
22/05/2023 03:09:04	Gathering asymmetric keys
22/05/2023 03:09:04	Gathering symmetric keys
22/05/2023 03:09:04	Gathering encrypted symmetric keys
22/05/2023 03:09:04	Gathering schemas
22/05/2023 03:09:04	Gathering XML schema collections
22/05/2023 03:09:04	Gathering user-defined data types
22/05/2023 03:09:04	Gathering user-defined types
22/05/2023 03:09:04	Gathering table types
22/05/2023 03:09:04	Gathering unique keys for table types
22/05/2023 03:09:04	Gathering primary keys for table types
22/05/2023 03:09:04	Gathering indexes for table types
22/05/2023 03:09:04	Gathering check constraints for table types
22/05/2023 03:09:04	Gathering default constraints for table types
22/05/2023 03:09:04	Gathering partition functions
22/05/2023 03:09:04	Gathering partition schemes
22/05/2023 03:09:04	Gathering functions
22/05/2023 03:09:04	Gathering encrypted functions
22/05/2023 03:09:04	Gathering aggregates
22/05/2023 03:09:04	Gathering procedures
22/05/2023 03:09:04	Gathering encrypted procedures
22/05/2023 03:09:04	Gathering tables
22/05/2023 03:09:04	Gathering primary keys
22/05/2023 03:09:04	Gathering unique constraints
22/05/2023 03:09:04	Gathering foreign keys
22/05/2023 03:09:04	Gathering default constraints
22/05/2023 03:09:04	Gathering check constraints
22/05/2023 03:09:04	Gathering views
22/05/2023 03:09:04	Gathering encrypted views
22/05/2023 03:09:04	Gathering indexes
22/05/2023 03:09:04	Gathering statistics
22/05/2023 03:09:04	Gathering full-text index stoplists
22/05/2023 03:09:04	Gathering search property lists
22/05/2023 03:09:04	Gathering search properties
22/05/2023 03:09:04	Gathering full-text indexes
22/05/2023 03:09:04	Gathering column store indexes
22/05/2023 03:09:04	Gathering spatial indexes
22/05/2023 03:09:04	Gathering XML indexes
22/05/2023 03:09:04	Gathering Selective XML indexes
22/05/2023 03:09:04	Gathering encrypted triggers
22/05/2023 03:09:04	Gathering triggers
22/05/2023 03:09:04	Gathering encrypted and clr ddl triggers
22/05/2023 03:09:04	Gathering ddl triggers
22/05/2023 03:09:04	Creating edge constraints
22/05/2023 03:09:04	Gathering synonyms
22/05/2023 03:09:05	Gathering defaults
22/05/2023 03:09:05	Gathering data constraint uddt bindings
22/05/2023 03:09:05	Gathering rules
22/05/2023 03:09:05	Gathering data constraint uddt bindings
22/05/2023 03:09:05	Gathering message types
22/05/2023 03:09:05	Gathering queues
22/05/2023 03:09:05	Gathering contracts
22/05/2023 03:09:05	Gathering services
22/05/2023 03:09:05	Gathering event notifications
22/05/2023 03:09:05	Gathering remote service bindings
22/05/2023 03:09:05	Gathering broker priorities
22/05/2023 03:09:05	Gathering signatures
22/05/2023 03:09:05	Gathering compression options
22/05/2023 03:09:05	Gathering sequence types
22/05/2023 03:09:05	Gathering security policies
22/05/2023 03:09:05	Gather column encryption keys
22/05/2023 03:09:05	Gathering column master keys
22/05/2023 03:09:05	Gathering external data sources
22/05/2023 03:09:05	Gathering external file formats
22/05/2023 03:09:05	Gathering external tables
22/05/2023 03:09:05	Gathering XML index compression options
22/05/2023 03:09:05	Gathering extended properties
22/05/2023 03:09:05	Gathering assemblies
22/05/2023 03:09:05	Gathering credentials
22/05/2023 03:09:05	Gathering logins
22/05/2023 03:09:05	Gathering server audits
22/05/2023 03:09:05	Scanning project for duplicate elements
22/05/2023 03:09:05	Finished duplicate element processing
22/05/2023 03:09:05	Finished importing database.
22/05/2023 03:09:05	A summary of the import was saved to the following location: C:\Users\zugravu.paul\source\repos\POO\ATMLibrary\ATMLibrary\Import Schema Logs\ATMLibrary_20230522120858.log
22/05/2023 03:09:05	Click Finish to continue...
